# JRE version: OpenJDK Runtime Environment Temurin-21.0.12.1+1 (21.0.12.1+1) (build 21.0.12.1+1-LTS)
# Java VM: OpenJDK 64-Bit Server VM Temurin-21.0.12.1+1 (21.0.12.1+1-LTS, mixed mode, sharing, tiered, compressed oops, compressed class ptrs, parallel gc, windows-amd64)
GC Precious Log:
 CardTable entry size: 512
 CPUs: 4 total, 4 available
 Memory: 8080M
 Large Page Support: Disabled
 NUMA Support: Disabled
 Compressed Oops: Enabled (32-bit)
 Alignments: Space 512K, Generation 512K, Heap 2M
 Heap Min Capacity: 100M
 Heap Initial Capacity: 100M
 Heap Max Capacity: 2G
 Pre-touch: Disabled
 Parallel Workers: 4
Heap:
 PSYoungGen      total 22528K, used 11261K [0x00000000d5580000, 0x00000000d7000000, 0x0000000100000000)
  eden space 20992K, 46% used [0x00000000d5580000,0x00000000d5f022f8,0x00000000d6a00000)
  from space 1536K, 99% used [0x00000000d6e80000,0x00000000d6ffd368,0x00000000d7000000)
  to   space 3072K, 0% used [0x00000000d6a00000,0x00000000d6a00000,0x00000000d6d00000)
 ParOldGen       total 76800K, used 76778K [0x0000000080000000, 0x0000000084b00000, 0x00000000d5580000)
  object space 76800K, 99% used [0x0000000080000000,0x0000000084afaaf0,0x0000000084b00000)
 Metaspace       used 72985K, committed 74432K, reserved 1179648K
  class space    used 8297K, committed 8896K, reserved 1048576K
GC Heap History (20 events):
Event: 102.468 GC heap before
{Heap before GC invocations=78 (full 3):
 PSYoungGen      total 21504K, used 21344K [0x00000000d5580000, 0x00000000d7000000, 0x0000000100000000)
  eden space 20992K, 100% used [0x00000000d5580000,0x00000000d6a00000,0x00000000d6a00000)
  from space 512K, 68% used [0x00000000d6f80000,0x00000000d6fd8000,0x00000000d7000000)
  to   space 512K, 0% used [0x00000000d6f00000,0x00000000d6f00000,0x00000000d6f80000)
 ParOldGen       total 71168K, used 70782K [0x0000000080000000, 0x0000000084580000, 0x00000000d5580000)
  object space 71168K, 99% used [0x0000000080000000,0x000000008451f8e8,0x0000000084580000)
 Metaspace       used 65311K, committed 66688K, reserved 1114112K
  class space    used 7422K, committed 8000K, reserved 1048576K
}
Event: 102.470 GC heap after
{Heap after GC invocations=78 (full 3):
 PSYoungGen      total 21504K, used 448K [0x00000000d5580000, 0x00000000d7000000, 0x0000000100000000)
  eden space 20992K, 0% used [0x00000000d5580000,0x00000000d5580000,0x00000000d6a00000)
  from space 512K, 87% used [0x00000000d6f00000,0x00000000d6f70000,0x00000000d6f80000)
  to   space 512K, 0% used [0x00000000d6f80000,0x00000000d6f80000,0x00000000d7000000)
 ParOldGen       total 71168K, used 71086K [0x0000000080000000, 0x0000000084580000, 0x00000000d5580000)
  object space 71168K, 99% used [0x0000000080000000,0x000000008456b8e8,0x0000000084580000)
 Metaspace       used 65311K, committed 66688K, reserved 1114112K
  class space    used 7422K, committed 8000K, reserved 1048576K
}
Event: 102.681 GC heap before
{Heap before GC invocations=79 (full 3):
 PSYoungGen      total 21504K, used 21440K [0x00000000d5580000, 0x00000000d7000000, 0x0000000100000000)
  eden space 20992K, 100% used [0x00000000d5580000,0x00000000d6a00000,0x00000000d6a00000)
  from space 512K, 87% used [0x00000000d6f00000,0x00000000d6f70000,0x00000000d6f80000)
  to   space 512K, 0% used [0x00000000d6f80000,0x00000000d6f80000,0x00000000d7000000)
 ParOldGen       total 71168K, used 71086K [0x0000000080000000, 0x0000000084580000, 0x00000000d5580000)
  object space 71168K, 99% used [0x0000000080000000,0x000000008456b8e8,0x0000000084580000)
 Metaspace       used 65315K, committed 66688K, reserved 1114112K
  class space    used 7422K, committed 8000K, reserved 1048576K
}
Event: 102.682 GC heap after
{Heap after GC invocations=79 (full 3):
 PSYoungGen      total 21504K, used 128K [0x00000000d5580000, 0x00000000d7000000, 0x0000000100000000)
  eden space 20992K, 0% used [0x00000000d5580000,0x00000000d5580000,0x00000000d6a00000)
  from space 512K, 25% used [0x00000000d6f80000,0x00000000d6fa0000,0x00000000d7000000)
  to   space 512K, 0% used [0x00000000d6f00000,0x00000000d6f00000,0x00000000d6f80000)
 ParOldGen       total 71680K, used 71454K [0x0000000080000000, 0x0000000084600000, 0x00000000d5580000)
  object space 71680K, 99% used [0x0000000080000000,0x00000000845c78e8,0x0000000084600000)
 Metaspace       used 65315K, committed 66688K, reserved 1114112K
  class space    used 7422K, committed 8000K, reserved 1048576K
}
Event: 106.298 GC heap before
{Heap before GC invocations=80 (full 3):
 PSYoungGen      total 21504K, used 21119K [0x00000000d5580000, 0x00000000d7000000, 0x0000000100000000)
  eden space 20992K, 99% used [0x00000000d5580000,0x00000000d69fffa0,0x00000000d6a00000)
  from space 512K, 25% used [0x00000000d6f80000,0x00000000d6fa0000,0x00000000d7000000)
  to   space 512K, 0% used [0x00000000d6f00000,0x00000000d6f00000,0x00000000d6f80000)
 ParOldGen       total 71680K, used 71454K [0x0000000080000000, 0x0000000084600000, 0x00000000d5580000)
  object space 71680K, 99% used [0x0000000080000000,0x00000000845c78e8,0x0000000084600000)
 Metaspace       used 65327K, committed 66688K, reserved 1114112K
  class space    used 7423K, committed 8000K, reserved 1048576K
}
Event: 106.300 GC heap after
{Heap after GC invocations=80 (full 3):
 PSYoungGen      total 21504K, used 502K [0x00000000d5580000, 0x00000000d7000000, 0x0000000100000000)
  eden space 20992K, 0% used [0x00000000d5580000,0x00000000d5580000,0x00000000d6a00000)
  from space 512K, 98% used [0x00000000d6f00000,0x00000000d6f7d990,0x00000000d6f80000)
  to   space 512K, 0% used [0x00000000d6f80000,0x00000000d6f80000,0x00000000d7000000)
 ParOldGen       total 71680K, used 71550K [0x0000000080000000, 0x0000000084600000, 0x00000000d5580000)
  object space 71680K, 99% used [0x0000000080000000,0x00000000845df8e8,0x0000000084600000)
 Metaspace       used 65327K, committed 66688K, reserved 1114112K
  class space    used 7423K, committed 8000K, reserved 1048576K
}
Event: 106.537 GC heap before
{Heap before GC invocations=81 (full 3):
 PSYoungGen      total 21504K, used 21494K [0x00000000d5580000, 0x00000000d7000000, 0x0000000100000000)
  eden space 20992K, 100% used [0x00000000d5580000,0x00000000d6a00000,0x00000000d6a00000)
  from space 512K, 98% used [0x00000000d6f00000,0x00000000d6f7d990,0x00000000d6f80000)
  to   space 512K, 0% used [0x00000000d6f80000,0x00000000d6f80000,0x00000000d7000000)
 ParOldGen       total 71680K, used 71550K [0x0000000080000000, 0x0000000084600000, 0x00000000d5580000)
  object space 71680K, 99% used [0x0000000080000000,0x00000000845df8e8,0x0000000084600000)
 Metaspace       used 65327K, committed 66688K, reserved 1114112K
  class space    used 7423K, committed 8000K, reserved 1048576K
}
Event: 106.540 GC heap after
{Heap after GC invocations=81 (full 3):
 PSYoungGen      total 21504K, used 288K [0x00000000d5580000, 0x00000000d7000000, 0x0000000100000000)
  eden space 20992K, 0% used [0x00000000d5580000,0x00000000d5580000,0x00000000d6a00000)
  from space 512K, 56% used [0x00000000d6f80000,0x00000000d6fc8000,0x00000000d7000000)
  to   space 512K, 0% used [0x00000000d6f00000,0x00000000d6f00000,0x00000000d6f80000)
 ParOldGen       total 72192K, used 71969K [0x0000000080000000, 0x0000000084680000, 0x00000000d5580000)
  object space 72192K, 99% used [0x0000000080000000,0x0000000084648778,0x0000000084680000)
 Metaspace       used 65327K, committed 66688K, reserved 1114112K
  class space    used 7423K, committed 8000K, reserved 1048576K
}
Event: 108.227 GC heap before
{Heap before GC invocations=82 (full 3):
 PSYoungGen      total 21504K, used 21280K [0x00000000d5580000, 0x00000000d7000000, 0x0000000100000000)
  eden space 20992K, 100% used [0x00000000d5580000,0x00000000d6a00000,0x00000000d6a00000)
  from space 512K, 56% used [0x00000000d6f80000,0x00000000d6fc8000,0x00000000d7000000)
  to   space 512K, 0% used [0x00000000d6f00000,0x00000000d6f00000,0x00000000d6f80000)
 ParOldGen       total 72192K, used 71969K [0x0000000080000000, 0x0000000084680000, 0x00000000d5580000)
  object space 72192K, 99% used [0x0000000080000000,0x0000000084648778,0x0000000084680000)
 Metaspace       used 65327K, committed 66688K, reserved 1114112K
  class space    used 7423K, committed 8000K, reserved 1048576K
}
Event: 108.228 GC heap after
{Heap after GC invocations=82 (full 3):
 PSYoungGen      total 21504K, used 438K [0x00000000d5580000, 0x00000000d7000000, 0x0000000100000000)
  eden space 20992K, 0% used [0x00000000d5580000,0x00000000d5580000,0x00000000d6a00000)
  from space 512K, 85% used [0x00000000d6f00000,0x00000000d6f6daa8,0x00000000d6f80000)
  to   space 512K, 0% used [0x00000000d6f80000,0x00000000d6f80000,0x00000000d7000000)
 ParOldGen       total 72192K, used 72188K [0x0000000080000000, 0x0000000084680000, 0x00000000d5580000)
  object space 72192K, 99% used [0x0000000080000000,0x000000008467f080,0x0000000084680000)
 Metaspace       used 65327K, committed 66688K, reserved 1114112K
  class space    used 7423K, committed 8000K, reserved 1048576K
}
Event: 109.588 GC heap before
{Heap before GC invocations=83 (full 3):
 PSYoungGen      total 21504K, used 21430K [0x00000000d5580000, 0x00000000d7000000, 0x0000000100000000)
  eden space 20992K, 100% used [0x00000000d5580000,0x00000000d6a00000,0x00000000d6a00000)
  from space 512K, 85% used [0x00000000d6f00000,0x00000000d6f6daa8,0x00000000d6f80000)
  to   space 512K, 0% used [0x00000000d6f80000,0x00000000d6f80000,0x00000000d7000000)
 ParOldGen       total 72192K, used 72188K [0x0000000080000000, 0x0000000084680000, 0x00000000d5580000)
  object space 72192K, 99% used [0x0000000080000000,0x000000008467f080,0x0000000084680000)
 Metaspace       used 65327K, committed 66688K, reserved 1114112K
  class space    used 7423K, committed 8000K, reserved 1048576K
}
Event: 109.591 GC heap after
{Heap after GC invocations=83 (full 3):
 PSYoungGen      total 21504K, used 306K [0x00000000d5580000, 0x00000000d7000000, 0x0000000100000000)
  eden space 20992K, 0% used [0x00000000d5580000,0x00000000d5580000,0x00000000d6a00000)
  from space 512K, 59% used [0x00000000d6f80000,0x00000000d6fcc858,0x00000000d7000000)
  to   space 512K, 0% used [0x00000000d6f00000,0x00000000d6f00000,0x00000000d6f80000)
 ParOldGen       total 73728K, used 73284K [0x0000000080000000, 0x0000000084800000, 0x00000000d5580000)
  object space 73728K, 99% used [0x0000000080000000,0x00000000847912d0,0x0000000084800000)
 Metaspace       used 65327K, committed 66688K, reserved 1114112K
  class space    used 7423K, committed 8000K, reserved 1048576K
}
Event: 116.564 GC heap before
{Heap before GC invocations=84 (full 3):
 PSYoungGen      total 21504K, used 21298K [0x00000000d5580000, 0x00000000d7000000, 0x0000000100000000)
  eden space 20992K, 100% used [0x00000000d5580000,0x00000000d6a00000,0x00000000d6a00000)
  from space 512K, 59% used [0x00000000d6f80000,0x00000000d6fcc858,0x00000000d7000000)
  to   space 512K, 0% used [0x00000000d6f00000,0x00000000d6f00000,0x00000000d6f80000)
 ParOldGen       total 73728K, used 73284K [0x0000000080000000, 0x0000000084800000, 0x00000000d5580000)
  object space 73728K, 99% used [0x0000000080000000,0x00000000847912d0,0x0000000084800000)
 Metaspace       used 65805K, committed 67264K, reserved 1114112K
  class space    used 7469K, committed 8064K, reserved 1048576K
}
Event: 116.568 GC heap after
{Heap after GC invocations=84 (full 3):
 PSYoungGen      total 21504K, used 489K [0x00000000d5580000, 0x00000000d7000000, 0x0000000100000000)
  eden space 20992K, 0% used [0x00000000d5580000,0x00000000d5580000,0x00000000d6a00000)
  from space 512K, 95% used [0x00000000d6f00000,0x00000000d6f7a448,0x00000000d6f80000)
  to   space 512K, 0% used [0x00000000d6f80000,0x00000000d6f80000,0x00000000d7000000)
 ParOldGen       total 73728K, used 73720K [0x0000000080000000, 0x0000000084800000, 0x00000000d5580000)
  object space 73728K, 99% used [0x0000000080000000,0x00000000847fe220,0x0000000084800000)
 Metaspace       used 65805K, committed 67264K, reserved 1114112K
  class space    used 7469K, committed 8064K, reserved 1048576K
}
Event: 118.120 GC heap before
{Heap before GC invocations=85 (full 3):
 PSYoungGen      total 21504K, used 21481K [0x00000000d5580000, 0x00000000d7000000, 0x0000000100000000)
  eden space 20992K, 100% used [0x00000000d5580000,0x00000000d6a00000,0x00000000d6a00000)
  from space 512K, 95% used [0x00000000d6f00000,0x00000000d6f7a448,0x00000000d6f80000)
  to   space 512K, 0% used [0x00000000d6f80000,0x00000000d6f80000,0x00000000d7000000)
 ParOldGen       total 73728K, used 73720K [0x0000000080000000, 0x0000000084800000, 0x00000000d5580000)
  object space 73728K, 99% used [0x0000000080000000,0x00000000847fe220,0x0000000084800000)
 Metaspace       used 67617K, committed 69056K, reserved 1114112K
  class space    used 7679K, committed 8256K, reserved 1048576K
}
Event: 118.124 GC heap after
{Heap after GC invocations=85 (full 3):
 PSYoungGen      total 21504K, used 494K [0x00000000d5580000, 0x00000000d7000000, 0x0000000100000000)
  eden space 20992K, 0% used [0x00000000d5580000,0x00000000d5580000,0x00000000d6a00000)
  from space 512K, 96% used [0x00000000d6f80000,0x00000000d6ffba38,0x00000000d7000000)
  to   space 2560K, 0% used [0x00000000d6b00000,0x00000000d6b00000,0x00000000d6d80000)
 ParOldGen       total 75264K, used 75246K [0x0000000080000000, 0x0000000084980000, 0x00000000d5580000)
  object space 75264K, 99% used [0x0000000080000000,0x000000008497b8d8,0x0000000084980000)
 Metaspace       used 67617K, committed 69056K, reserved 1114112K
  class space    used 7679K, committed 8256K, reserved 1048576K
}
Event: 119.181 GC heap before
{Heap before GC invocations=86 (full 3):
 PSYoungGen      total 21504K, used 21486K [0x00000000d5580000, 0x00000000d7000000, 0x0000000100000000)
  eden space 20992K, 100% used [0x00000000d5580000,0x00000000d6a00000,0x00000000d6a00000)
  from space 512K, 96% used [0x00000000d6f80000,0x00000000d6ffba38,0x00000000d7000000)
  to   space 2560K, 0% used [0x00000000d6b00000,0x00000000d6b00000,0x00000000d6d80000)
 ParOldGen       total 75264K, used 75246K [0x0000000080000000, 0x0000000084980000, 0x00000000d5580000)
  object space 75264K, 99% used [0x0000000080000000,0x000000008497b8d8,0x0000000084980000)
 Metaspace       used 70280K, committed 71808K, reserved 1114112K
  class space    used 8012K, committed 8640K, reserved 1048576K
}
Event: 119.184 GC heap after
{Heap after GC invocations=86 (full 3):
 PSYoungGen      total 23552K, used 1134K [0x00000000d5580000, 0x00000000d7000000, 0x0000000100000000)
  eden space 20992K, 0% used [0x00000000d5580000,0x00000000d5580000,0x00000000d6a00000)
  from space 2560K, 44% used [0x00000000d6b00000,0x00000000d6c1b8d8,0x00000000d6d80000)
  to   space 1536K, 0% used [0x00000000d6e80000,0x00000000d6e80000,0x00000000d7000000)
 ParOldGen       total 75776K, used 75739K [0x0000000080000000, 0x0000000084a00000, 0x00000000d5580000)
  object space 75776K, 99% used [0x0000000080000000,0x00000000849f6d90,0x0000000084a00000)
 Metaspace       used 70280K, committed 71808K, reserved 1114112K
  class space    used 8012K, committed 8640K, reserved 1048576K
}
Event: 120.803 GC heap before
{Heap before GC invocations=87 (full 3):
 PSYoungGen      total 23552K, used 22126K [0x00000000d5580000, 0x00000000d7000000, 0x0000000100000000)
  eden space 20992K, 100% used [0x00000000d5580000,0x00000000d6a00000,0x00000000d6a00000)
  from space 2560K, 44% used [0x00000000d6b00000,0x00000000d6c1b8d8,0x00000000d6d80000)
  to   space 1536K, 0% used [0x00000000d6e80000,0x00000000d6e80000,0x00000000d7000000)
 ParOldGen       total 75776K, used 75739K [0x0000000080000000, 0x0000000084a00000, 0x00000000d5580000)
  object space 75776K, 99% used [0x0000000080000000,0x00000000849f6d90,0x0000000084a00000)
 Metaspace       used 72451K, committed 73920K, reserved 1114112K
  class space    used 8235K, committed 8832K, reserved 1048576K
}
Event: 120.813 GC heap after
{Heap after GC invocations=87 (full 3):
 PSYoungGen      total 22528K, used 1524K [0x00000000d5580000, 0x00000000d7000000, 0x0000000100000000)
  eden space 20992K, 0% used [0x00000000d5580000,0x00000000d5580000,0x00000000d6a00000)
  from space 1536K, 99% used [0x00000000d6e80000,0x00000000d6ffd368,0x00000000d7000000)
  to   space 3072K, 0% used [0x00000000d6a00000,0x00000000d6a00000,0x00000000d6d00000)
 ParOldGen       total 76800K, used 76778K [0x0000000080000000, 0x0000000084b00000, 0x00000000d5580000)
  object space 76800K, 99% used [0x0000000080000000,0x0000000084afaaf0,0x0000000084b00000)
 Metaspace       used 72451K, committed 73920K, reserved 1114112K
  class space    used 8235K, committed 8832K, reserved 1048576K
}

