# JRE version: OpenJDK Runtime Environment Temurin-21.0.12.1+1 (21.0.12.1+1) (build 21.0.12.1+1-LTS)
# Java VM: OpenJDK 64-Bit Server VM Temurin-21.0.12.1+1 (21.0.12.1+1-LTS, mixed mode, sharing, tiered, compressed oops, compressed class ptrs, parallel gc, windows-amd64)
GC Precious Log:
 CardTable entry size: 512
 CPUs: 4 total, 4 available
 Memory: 8080M
 Large Page Support: Disabled
 NUMA Support: Disabled
 Compressed Oops: Enabled (32-bit)
 Alignments: Space 512K, Generation 512K, Heap 2M
 Heap Min Capacity: 100M
 Heap Initial Capacity: 100M
 Heap Max Capacity: 2G
 Pre-touch: Disabled
 Parallel Workers: 4
Heap:
 PSYoungGen      total 9728K, used 5113K [0x00000000d5580000, 0x00000000d6480000, 0x0000000100000000)
  eden space 7168K, 36% used [0x00000000d5580000,0x00000000d5805c30,0x00000000d5c80000)
  from space 2560K, 98% used [0x00000000d5c80000,0x00000000d5ef8900,0x00000000d5f00000)
  to   space 4096K, 0% used [0x00000000d6080000,0x00000000d6080000,0x00000000d6480000)
 ParOldGen       total 121856K, used 94537K [0x0000000080000000, 0x0000000087700000, 0x00000000d5580000)
  object space 121856K, 77% used [0x0000000080000000,0x0000000085c52600,0x0000000087700000)
 Metaspace       used 63083K, committed 64704K, reserved 1114112K
  class space    used 7296K, committed 8064K, reserved 1048576K
GC Heap History (20 events):
Event: 50.060 GC heap before
{Heap before GC invocations=189 (full 3):
 PSYoungGen      total 8192K, used 7728K [0x00000000d5580000, 0x00000000d6280000, 0x0000000100000000)
  eden space 7168K, 100% used [0x00000000d5580000,0x00000000d5c80000,0x00000000d5c80000)
  from space 1024K, 54% used [0x00000000d6080000,0x00000000d610c0a0,0x00000000d6180000)
  to   space 1024K, 0% used [0x00000000d6180000,0x00000000d6180000,0x00000000d6280000)
 ParOldGen       total 121856K, used 87164K [0x0000000080000000, 0x0000000087700000, 0x00000000d5580000)
  object space 121856K, 71% used [0x0000000080000000,0x000000008551f070,0x0000000087700000)
 Metaspace       used 62836K, committed 64448K, reserved 1114112K
  class space    used 7284K, committed 8064K, reserved 1048576K
}
Event: 50.063 GC heap after
{Heap after GC invocations=189 (full 3):
 PSYoungGen      total 8192K, used 993K [0x00000000d5580000, 0x00000000d6280000, 0x0000000100000000)
  eden space 7168K, 0% used [0x00000000d5580000,0x00000000d5580000,0x00000000d5c80000)
  from space 1024K, 96% used [0x00000000d6180000,0x00000000d62784a0,0x00000000d6280000)
  to   space 2560K, 0% used [0x00000000d5d80000,0x00000000d5d80000,0x00000000d6000000)
 ParOldGen       total 121856K, used 87995K [0x0000000080000000, 0x0000000087700000, 0x00000000d5580000)
  object space 121856K, 72% used [0x0000000080000000,0x00000000855eecc8,0x0000000087700000)
 Metaspace       used 62836K, committed 64448K, reserved 1114112K
  class space    used 7284K, committed 8064K, reserved 1048576K
}
Event: 50.309 GC heap before
{Heap before GC invocations=190 (full 3):
 PSYoungGen      total 8192K, used 8161K [0x00000000d5580000, 0x00000000d6280000, 0x0000000100000000)
  eden space 7168K, 100% used [0x00000000d5580000,0x00000000d5c80000,0x00000000d5c80000)
  from space 1024K, 96% used [0x00000000d6180000,0x00000000d62784a0,0x00000000d6280000)
  to   space 2560K, 0% used [0x00000000d5d80000,0x00000000d5d80000,0x00000000d6000000)
 ParOldGen       total 121856K, used 87995K [0x0000000080000000, 0x0000000087700000, 0x00000000d5580000)
  object space 121856K, 72% used [0x0000000080000000,0x00000000855eecc8,0x0000000087700000)
 Metaspace       used 62936K, committed 64512K, reserved 1114112K
  class space    used 7296K, committed 8064K, reserved 1048576K
}
Event: 50.313 GC heap after
{Heap after GC invocations=190 (full 3):
 PSYoungGen      total 9728K, used 640K [0x00000000d5580000, 0x00000000d6200000, 0x0000000100000000)
  eden space 7168K, 0% used [0x00000000d5580000,0x00000000d5580000,0x00000000d5c80000)
  from space 2560K, 25% used [0x00000000d5d80000,0x00000000d5e20000,0x00000000d6000000)
  to   space 1536K, 0% used [0x00000000d6080000,0x00000000d6080000,0x00000000d6200000)
 ParOldGen       total 121856K, used 88299K [0x0000000080000000, 0x0000000087700000, 0x00000000d5580000)
  object space 121856K, 72% used [0x0000000080000000,0x000000008563ad48,0x0000000087700000)
 Metaspace       used 62936K, committed 64512K, reserved 1114112K
  class space    used 7296K, committed 8064K, reserved 1048576K
}
Event: 50.479 GC heap before
{Heap before GC invocations=191 (full 3):
 PSYoungGen      total 9728K, used 7752K [0x00000000d5580000, 0x00000000d6200000, 0x0000000100000000)
  eden space 7168K, 99% used [0x00000000d5580000,0x00000000d5c721b8,0x00000000d5c80000)
  from space 2560K, 25% used [0x00000000d5d80000,0x00000000d5e20000,0x00000000d6000000)
  to   space 1536K, 0% used [0x00000000d6080000,0x00000000d6080000,0x00000000d6200000)
 ParOldGen       total 121856K, used 88299K [0x0000000080000000, 0x0000000087700000, 0x00000000d5580000)
  object space 121856K, 72% used [0x0000000080000000,0x000000008563ad48,0x0000000087700000)
 Metaspace       used 62954K, committed 64576K, reserved 1114112K
  class space    used 7296K, committed 8064K, reserved 1048576K
}
Event: 50.482 GC heap after
{Heap after GC invocations=191 (full 3):
 PSYoungGen      total 7680K, used 448K [0x00000000d5580000, 0x00000000d6100000, 0x0000000100000000)
  eden space 7168K, 0% used [0x00000000d5580000,0x00000000d5580000,0x00000000d5c80000)
  from space 512K, 87% used [0x00000000d6080000,0x00000000d60f0090,0x00000000d6100000)
  to   space 1024K, 0% used [0x00000000d5f00000,0x00000000d5f00000,0x00000000d6000000)
 ParOldGen       total 121856K, used 88859K [0x0000000080000000, 0x0000000087700000, 0x00000000d5580000)
  object space 121856K, 72% used [0x0000000080000000,0x00000000856c6d68,0x0000000087700000)
 Metaspace       used 62954K, committed 64576K, reserved 1114112K
  class space    used 7296K, committed 8064K, reserved 1048576K
}
Event: 50.790 GC heap before
{Heap before GC invocations=192 (full 3):
 PSYoungGen      total 7680K, used 7616K [0x00000000d5580000, 0x00000000d6100000, 0x0000000100000000)
  eden space 7168K, 100% used [0x00000000d5580000,0x00000000d5c80000,0x00000000d5c80000)
  from space 512K, 87% used [0x00000000d6080000,0x00000000d60f0090,0x00000000d6100000)
  to   space 1024K, 0% used [0x00000000d5f00000,0x00000000d5f00000,0x00000000d6000000)
 ParOldGen       total 121856K, used 88859K [0x0000000080000000, 0x0000000087700000, 0x00000000d5580000)
  object space 121856K, 72% used [0x0000000080000000,0x00000000856c6d68,0x0000000087700000)
 Metaspace       used 62987K, committed 64576K, reserved 1114112K
  class space    used 7296K, committed 8064K, reserved 1048576K
}
Event: 50.791 GC heap after
{Heap after GC invocations=192 (full 3):
 PSYoungGen      total 8192K, used 320K [0x00000000d5580000, 0x00000000d6100000, 0x0000000100000000)
  eden space 7168K, 0% used [0x00000000d5580000,0x00000000d5580000,0x00000000d5c80000)
  from space 1024K, 31% used [0x00000000d5f00000,0x00000000d5f50000,0x00000000d6000000)
  to   space 512K, 0% used [0x00000000d6080000,0x00000000d6080000,0x00000000d6100000)
 ParOldGen       total 121856K, used 89029K [0x0000000080000000, 0x0000000087700000, 0x00000000d5580000)
  object space 121856K, 73% used [0x0000000080000000,0x00000000856f1490,0x0000000087700000)
 Metaspace       used 62987K, committed 64576K, reserved 1114112K
  class space    used 7296K, committed 8064K, reserved 1048576K
}
Event: 51.315 GC heap before
{Heap before GC invocations=193 (full 3):
 PSYoungGen      total 8192K, used 7488K [0x00000000d5580000, 0x00000000d6100000, 0x0000000100000000)
  eden space 7168K, 100% used [0x00000000d5580000,0x00000000d5c80000,0x00000000d5c80000)
  from space 1024K, 31% used [0x00000000d5f00000,0x00000000d5f50000,0x00000000d6000000)
  to   space 512K, 0% used [0x00000000d6080000,0x00000000d6080000,0x00000000d6100000)
 ParOldGen       total 121856K, used 89029K [0x0000000080000000, 0x0000000087700000, 0x00000000d5580000)
  object space 121856K, 73% used [0x0000000080000000,0x00000000856f1490,0x0000000087700000)
 Metaspace       used 63006K, committed 64576K, reserved 1114112K
  class space    used 7296K, committed 8064K, reserved 1048576K
}
Event: 51.317 GC heap after
{Heap after GC invocations=193 (full 3):
 PSYoungGen      total 7680K, used 352K [0x00000000d5580000, 0x00000000d6100000, 0x0000000100000000)
  eden space 7168K, 0% used [0x00000000d5580000,0x00000000d5580000,0x00000000d5c80000)
  from space 512K, 68% used [0x00000000d6080000,0x00000000d60d8020,0x00000000d6100000)
  to   space 512K, 0% used [0x00000000d6000000,0x00000000d6000000,0x00000000d6080000)
 ParOldGen       total 121856K, used 89197K [0x0000000080000000, 0x0000000087700000, 0x00000000d5580000)
  object space 121856K, 73% used [0x0000000080000000,0x000000008571b500,0x0000000087700000)
 Metaspace       used 63006K, committed 64576K, reserved 1114112K
  class space    used 7296K, committed 8064K, reserved 1048576K
}
Event: 51.567 GC heap before
{Heap before GC invocations=194 (full 3):
 PSYoungGen      total 7680K, used 7520K [0x00000000d5580000, 0x00000000d6100000, 0x0000000100000000)
  eden space 7168K, 100% used [0x00000000d5580000,0x00000000d5c80000,0x00000000d5c80000)
  from space 512K, 68% used [0x00000000d6080000,0x00000000d60d8020,0x00000000d6100000)
  to   space 512K, 0% used [0x00000000d6000000,0x00000000d6000000,0x00000000d6080000)
 ParOldGen       total 121856K, used 89197K [0x0000000080000000, 0x0000000087700000, 0x00000000d5580000)
  object space 121856K, 73% used [0x0000000080000000,0x000000008571b500,0x0000000087700000)
 Metaspace       used 63011K, committed 64576K, reserved 1114112K
  class space    used 7296K, committed 8064K, reserved 1048576K
}
Event: 51.569 GC heap after
{Heap after GC invocations=194 (full 3):
 PSYoungGen      total 7680K, used 480K [0x00000000d5580000, 0x00000000d6100000, 0x0000000100000000)
  eden space 7168K, 0% used [0x00000000d5580000,0x00000000d5580000,0x00000000d5c80000)
  from space 512K, 93% used [0x00000000d6000000,0x00000000d6078020,0x00000000d6080000)
  to   space 512K, 0% used [0x00000000d6080000,0x00000000d6080000,0x00000000d6100000)
 ParOldGen       total 121856K, used 90476K [0x0000000080000000, 0x0000000087700000, 0x00000000d5580000)
  object space 121856K, 74% used [0x0000000080000000,0x000000008585b200,0x0000000087700000)
 Metaspace       used 63011K, committed 64576K, reserved 1114112K
  class space    used 7296K, committed 8064K, reserved 1048576K
}
Event: 51.789 GC heap before
{Heap before GC invocations=195 (full 3):
 PSYoungGen      total 7680K, used 7648K [0x00000000d5580000, 0x00000000d6100000, 0x0000000100000000)
  eden space 7168K, 100% used [0x00000000d5580000,0x00000000d5c80000,0x00000000d5c80000)
  from space 512K, 93% used [0x00000000d6000000,0x00000000d6078020,0x00000000d6080000)
  to   space 512K, 0% used [0x00000000d6080000,0x00000000d6080000,0x00000000d6100000)
 ParOldGen       total 121856K, used 90476K [0x0000000080000000, 0x0000000087700000, 0x00000000d5580000)
  object space 121856K, 74% used [0x0000000080000000,0x000000008585b200,0x0000000087700000)
 Metaspace       used 63015K, committed 64576K, reserved 1114112K
  class space    used 7296K, committed 8064K, reserved 1048576K
}
Event: 51.794 GC heap after
{Heap after GC invocations=195 (full 3):
 PSYoungGen      total 7680K, used 481K [0x00000000d5580000, 0x00000000d6280000, 0x0000000100000000)
  eden space 7168K, 0% used [0x00000000d5580000,0x00000000d5580000,0x00000000d5c80000)
  from space 512K, 93% used [0x00000000d6080000,0x00000000d60f8480,0x00000000d6100000)
  to   space 3072K, 0% used [0x00000000d5c80000,0x00000000d5c80000,0x00000000d5f80000)
 ParOldGen       total 121856K, used 92633K [0x0000000080000000, 0x0000000087700000, 0x00000000d5580000)
  object space 121856K, 76% used [0x0000000080000000,0x0000000085a76720,0x0000000087700000)
 Metaspace       used 63015K, committed 64576K, reserved 1114112K
  class space    used 7296K, committed 8064K, reserved 1048576K
}
Event: 52.170 GC heap before
{Heap before GC invocations=196 (full 3):
 PSYoungGen      total 7680K, used 7649K [0x00000000d5580000, 0x00000000d6280000, 0x0000000100000000)
  eden space 7168K, 100% used [0x00000000d5580000,0x00000000d5c80000,0x00000000d5c80000)
  from space 512K, 93% used [0x00000000d6080000,0x00000000d60f8480,0x00000000d6100000)
  to   space 3072K, 0% used [0x00000000d5c80000,0x00000000d5c80000,0x00000000d5f80000)
 ParOldGen       total 121856K, used 92633K [0x0000000080000000, 0x0000000087700000, 0x00000000d5580000)
  object space 121856K, 76% used [0x0000000080000000,0x0000000085a76720,0x0000000087700000)
 Metaspace       used 63037K, committed 64640K, reserved 1114112K
  class space    used 7296K, committed 8064K, reserved 1048576K
}
Event: 52.173 GC heap after
{Heap after GC invocations=196 (full 3):
 PSYoungGen      total 10240K, used 512K [0x00000000d5580000, 0x00000000d6100000, 0x0000000100000000)
  eden space 7168K, 0% used [0x00000000d5580000,0x00000000d5580000,0x00000000d5c80000)
  from space 3072K, 16% used [0x00000000d5c80000,0x00000000d5d00020,0x00000000d5f80000)
  to   space 1536K, 0% used [0x00000000d5f80000,0x00000000d5f80000,0x00000000d6100000)
 ParOldGen       total 121856K, used 92805K [0x0000000080000000, 0x0000000087700000, 0x00000000d5580000)
  object space 121856K, 76% used [0x0000000080000000,0x0000000085aa1760,0x0000000087700000)
 Metaspace       used 63037K, committed 64640K, reserved 1114112K
  class space    used 7296K, committed 8064K, reserved 1048576K
}
Event: 52.381 GC heap before
{Heap before GC invocations=197 (full 3):
 PSYoungGen      total 10240K, used 7680K [0x00000000d5580000, 0x00000000d6100000, 0x0000000100000000)
  eden space 7168K, 99% used [0x00000000d5580000,0x00000000d5c7fff8,0x00000000d5c80000)
  from space 3072K, 16% used [0x00000000d5c80000,0x00000000d5d00020,0x00000000d5f80000)
  to   space 1536K, 0% used [0x00000000d5f80000,0x00000000d5f80000,0x00000000d6100000)
 ParOldGen       total 121856K, used 92805K [0x0000000080000000, 0x0000000087700000, 0x00000000d5580000)
  object space 121856K, 76% used [0x0000000080000000,0x0000000085aa1760,0x0000000087700000)
 Metaspace       used 63053K, committed 64704K, reserved 1114112K
  class space    used 7296K, committed 8064K, reserved 1048576K
}
Event: 52.384 GC heap after
{Heap after GC invocations=197 (full 3):
 PSYoungGen      total 8704K, used 1523K [0x00000000d5580000, 0x00000000d6180000, 0x0000000100000000)
  eden space 7168K, 0% used [0x00000000d5580000,0x00000000d5580000,0x00000000d5c80000)
  from space 1536K, 99% used [0x00000000d5f80000,0x00000000d60fcca0,0x00000000d6100000)
  to   space 2560K, 0% used [0x00000000d5c80000,0x00000000d5c80000,0x00000000d5f00000)
 ParOldGen       total 121856K, used 93351K [0x0000000080000000, 0x0000000087700000, 0x00000000d5580000)
  object space 121856K, 76% used [0x0000000080000000,0x0000000085b29ea8,0x0000000087700000)
 Metaspace       used 63053K, committed 64704K, reserved 1114112K
  class space    used 7296K, committed 8064K, reserved 1048576K
}
Event: 52.415 GC heap before
{Heap before GC invocations=198 (full 3):
 PSYoungGen      total 8704K, used 8691K [0x00000000d5580000, 0x00000000d6180000, 0x0000000100000000)
  eden space 7168K, 100% used [0x00000000d5580000,0x00000000d5c80000,0x00000000d5c80000)
  from space 1536K, 99% used [0x00000000d5f80000,0x00000000d60fcca0,0x00000000d6100000)
  to   space 2560K, 0% used [0x00000000d5c80000,0x00000000d5c80000,0x00000000d5f00000)
 ParOldGen       total 121856K, used 93351K [0x0000000080000000, 0x0000000087700000, 0x00000000d5580000)
  object space 121856K, 76% used [0x0000000080000000,0x0000000085b29ea8,0x0000000087700000)
 Metaspace       used 63055K, committed 64704K, reserved 1114112K
  class space    used 7296K, committed 8064K, reserved 1048576K
}
Event: 52.419 GC heap after
{Heap after GC invocations=198 (full 3):
 PSYoungGen      total 9728K, used 2530K [0x00000000d5580000, 0x00000000d6480000, 0x0000000100000000)
  eden space 7168K, 0% used [0x00000000d5580000,0x00000000d5580000,0x00000000d5c80000)
  from space 2560K, 98% used [0x00000000d5c80000,0x00000000d5ef8900,0x00000000d5f00000)
  to   space 4096K, 0% used [0x00000000d6080000,0x00000000d6080000,0x00000000d6480000)
 ParOldGen       total 121856K, used 94537K [0x0000000080000000, 0x0000000087700000, 0x00000000d5580000)
  object space 121856K, 77% used [0x0000000080000000,0x0000000085c52600,0x0000000087700000)
 Metaspace       used 63055K, committed 64704K, reserved 1114112K
  class space    used 7296K, committed 8064K, reserved 1048576K
}

