# JRE version: OpenJDK Runtime Environment Temurin-21.0.12.1+1 (21.0.12.1+1) (build 21.0.12.1+1-LTS)
# Java VM: OpenJDK 64-Bit Server VM Temurin-21.0.12.1+1 (21.0.12.1+1-LTS, mixed mode, sharing, tiered, compressed oops, compressed class ptrs, parallel gc, windows-amd64)
GC Precious Log:
 CardTable entry size: 512
 CPUs: 4 total, 4 available
 Memory: 8080M
 Large Page Support: Disabled
 NUMA Support: Disabled
 Compressed Oops: Enabled (32-bit)
 Alignments: Space 512K, Generation 512K, Heap 2M
 Heap Min Capacity: 100M
 Heap Initial Capacity: 100M
 Heap Max Capacity: 2G
 Pre-touch: Disabled
 Parallel Workers: 4
Heap:
 PSYoungGen      total 23040K, used 16144K [0x00000000d5580000, 0x00000000d6d80000, 0x0000000100000000)
  eden space 22016K, 69% used [0x00000000d5580000,0x00000000d648bcd0,0x00000000d6b00000)
  from space 1024K, 71% used [0x00000000d6c80000,0x00000000d6d38480,0x00000000d6d80000)
  to   space 1024K, 0% used [0x00000000d6b00000,0x00000000d6b00000,0x00000000d6c00000)
 ParOldGen       total 68608K, used 56159K [0x0000000080000000, 0x0000000084300000, 0x00000000d5580000)
  object space 68608K, 81% used [0x0000000080000000,0x00000000836d7e58,0x0000000084300000)
 Metaspace       used 64731K, committed 66176K, reserved 1114112K
  class space    used 7367K, committed 8000K, reserved 1048576K
GC Heap History (20 events):
Event: 38.501 GC heap before
{Heap before GC invocations=28 (full 2):
 PSYoungGen      total 24576K, used 24497K [0x00000000d5580000, 0x00000000d7580000, 0x0000000100000000)
  eden space 22016K, 100% used [0x00000000d5580000,0x00000000d6b00000,0x00000000d6b00000)
  from space 2560K, 96% used [0x00000000d7080000,0x00000000d72ec420,0x00000000d7300000)
  to   space 2560K, 0% used [0x00000000d7300000,0x00000000d7300000,0x00000000d7580000)
 ParOldGen       total 68608K, used 44523K [0x0000000080000000, 0x0000000084300000, 0x00000000d5580000)
  object space 68608K, 64% used [0x0000000080000000,0x0000000082b7af48,0x0000000084300000)
 Metaspace       used 56650K, committed 58048K, reserved 1114112K
  class space    used 6556K, committed 7104K, reserved 1048576K
}
Event: 38.508 GC heap after
{Heap after GC invocations=28 (full 2):
 PSYoungGen      total 24576K, used 2530K [0x00000000d5580000, 0x00000000d7600000, 0x0000000100000000)
  eden space 22016K, 0% used [0x00000000d5580000,0x00000000d5580000,0x00000000d6b00000)
  from space 2560K, 98% used [0x00000000d7300000,0x00000000d7578810,0x00000000d7580000)
  to   space 5632K, 0% used [0x00000000d6b00000,0x00000000d6b00000,0x00000000d7080000)
 ParOldGen       total 68608K, used 46895K [0x0000000080000000, 0x0000000084300000, 0x00000000d5580000)
  object space 68608K, 68% used [0x0000000080000000,0x0000000082dcbc28,0x0000000084300000)
 Metaspace       used 56650K, committed 58048K, reserved 1114112K
  class space    used 6556K, committed 7104K, reserved 1048576K
}
Event: 38.619 GC heap before
{Heap before GC invocations=29 (full 2):
 PSYoungGen      total 24576K, used 24546K [0x00000000d5580000, 0x00000000d7600000, 0x0000000100000000)
  eden space 22016K, 100% used [0x00000000d5580000,0x00000000d6b00000,0x00000000d6b00000)
  from space 2560K, 98% used [0x00000000d7300000,0x00000000d7578810,0x00000000d7580000)
  to   space 5632K, 0% used [0x00000000d6b00000,0x00000000d6b00000,0x00000000d7080000)
 ParOldGen       total 68608K, used 46895K [0x0000000080000000, 0x0000000084300000, 0x00000000d5580000)
  object space 68608K, 68% used [0x0000000080000000,0x0000000082dcbc28,0x0000000084300000)
 Metaspace       used 56656K, committed 58048K, reserved 1114112K
  class space    used 6556K, committed 7104K, reserved 1048576K
}
Event: 38.631 GC heap after
{Heap after GC invocations=29 (full 2):
 PSYoungGen      total 24576K, used 2276K [0x00000000d5580000, 0x00000000d7380000, 0x0000000100000000)
  eden space 22016K, 0% used [0x00000000d5580000,0x00000000d5580000,0x00000000d6b00000)
  from space 2560K, 88% used [0x00000000d6b00000,0x00000000d6d39000,0x00000000d6d80000)
  to   space 3584K, 0% used [0x00000000d7000000,0x00000000d7000000,0x00000000d7380000)
 ParOldGen       total 68608K, used 49333K [0x0000000080000000, 0x0000000084300000, 0x00000000d5580000)
  object space 68608K, 71% used [0x0000000080000000,0x000000008302d5e8,0x0000000084300000)
 Metaspace       used 56656K, committed 58048K, reserved 1114112K
  class space    used 6556K, committed 7104K, reserved 1048576K
}
Event: 38.788 GC heap before
{Heap before GC invocations=30 (full 2):
 PSYoungGen      total 24576K, used 24292K [0x00000000d5580000, 0x00000000d7380000, 0x0000000100000000)
  eden space 22016K, 100% used [0x00000000d5580000,0x00000000d6b00000,0x00000000d6b00000)
  from space 2560K, 88% used [0x00000000d6b00000,0x00000000d6d39000,0x00000000d6d80000)
  to   space 3584K, 0% used [0x00000000d7000000,0x00000000d7000000,0x00000000d7380000)
 ParOldGen       total 68608K, used 49333K [0x0000000080000000, 0x0000000084300000, 0x00000000d5580000)
  object space 68608K, 71% used [0x0000000080000000,0x000000008302d5e8,0x0000000084300000)
 Metaspace       used 56678K, committed 58112K, reserved 1114112K
  class space    used 6556K, committed 7168K, reserved 1048576K
}
Event: 38.797 GC heap after
{Heap after GC invocations=30 (full 2):
 PSYoungGen      total 24576K, used 2368K [0x00000000d5580000, 0x00000000d7280000, 0x0000000100000000)
  eden space 22016K, 0% used [0x00000000d5580000,0x00000000d5580000,0x00000000d6b00000)
  from space 2560K, 92% used [0x00000000d7000000,0x00000000d7250010,0x00000000d7280000)
  to   space 2560K, 0% used [0x00000000d6b00000,0x00000000d6b00000,0x00000000d6d80000)
 ParOldGen       total 68608K, used 51557K [0x0000000080000000, 0x0000000084300000, 0x00000000d5580000)
  object space 68608K, 75% used [0x0000000080000000,0x00000000832596e8,0x0000000084300000)
 Metaspace       used 56678K, committed 58112K, reserved 1114112K
  class space    used 6556K, committed 7168K, reserved 1048576K
}
Event: 38.964 GC heap before
{Heap before GC invocations=31 (full 2):
 PSYoungGen      total 24576K, used 24384K [0x00000000d5580000, 0x00000000d7280000, 0x0000000100000000)
  eden space 22016K, 100% used [0x00000000d5580000,0x00000000d6b00000,0x00000000d6b00000)
  from space 2560K, 92% used [0x00000000d7000000,0x00000000d7250010,0x00000000d7280000)
  to   space 2560K, 0% used [0x00000000d6b00000,0x00000000d6b00000,0x00000000d6d80000)
 ParOldGen       total 68608K, used 51557K [0x0000000080000000, 0x0000000084300000, 0x00000000d5580000)
  object space 68608K, 75% used [0x0000000080000000,0x00000000832596e8,0x0000000084300000)
 Metaspace       used 56759K, committed 58176K, reserved 1114112K
  class space    used 6567K, committed 7168K, reserved 1048576K
}
Event: 38.970 GC heap after
{Heap after GC invocations=31 (full 2):
 PSYoungGen      total 24576K, used 2169K [0x00000000d5580000, 0x00000000d7080000, 0x0000000100000000)
  eden space 22016K, 0% used [0x00000000d5580000,0x00000000d5580000,0x00000000d6b00000)
  from space 2560K, 84% used [0x00000000d6b00000,0x00000000d6d1e668,0x00000000d6d80000)
  to   space 2560K, 0% used [0x00000000d6e00000,0x00000000d6e00000,0x00000000d7080000)
 ParOldGen       total 68608K, used 53877K [0x0000000080000000, 0x0000000084300000, 0x00000000d5580000)
  object space 68608K, 78% used [0x0000000080000000,0x000000008349d6f8,0x0000000084300000)
 Metaspace       used 56759K, committed 58176K, reserved 1114112K
  class space    used 6567K, committed 7168K, reserved 1048576K
}
Event: 39.464 GC heap before
{Heap before GC invocations=32 (full 2):
 PSYoungGen      total 24576K, used 16441K [0x00000000d5580000, 0x00000000d7080000, 0x0000000100000000)
  eden space 22016K, 64% used [0x00000000d5580000,0x00000000d636ff68,0x00000000d6b00000)
  from space 2560K, 84% used [0x00000000d6b00000,0x00000000d6d1e668,0x00000000d6d80000)
  to   space 2560K, 0% used [0x00000000d6e00000,0x00000000d6e00000,0x00000000d7080000)
 ParOldGen       total 68608K, used 53877K [0x0000000080000000, 0x0000000084300000, 0x00000000d5580000)
  object space 68608K, 78% used [0x0000000080000000,0x000000008349d6f8,0x0000000084300000)
 Metaspace       used 58452K, committed 59776K, reserved 1114112K
  class space    used 6787K, committed 7360K, reserved 1048576K
}
Event: 39.468 GC heap after
{Heap after GC invocations=32 (full 2):
 PSYoungGen      total 23040K, used 728K [0x00000000d5580000, 0x00000000d6f00000, 0x0000000100000000)
  eden space 22016K, 0% used [0x00000000d5580000,0x00000000d5580000,0x00000000d6b00000)
  from space 1024K, 71% used [0x00000000d6e00000,0x00000000d6eb62f8,0x00000000d6f00000)
  to   space 1536K, 0% used [0x00000000d6c00000,0x00000000d6c00000,0x00000000d6d80000)
 ParOldGen       total 68608K, used 55927K [0x0000000080000000, 0x0000000084300000, 0x00000000d5580000)
  object space 68608K, 81% used [0x0000000080000000,0x000000008369def0,0x0000000084300000)
 Metaspace       used 58452K, committed 59776K, reserved 1114112K
  class space    used 6787K, committed 7360K, reserved 1048576K
}
Event: 39.468 GC heap before
{Heap before GC invocations=33 (full 3):
 PSYoungGen      total 23040K, used 728K [0x00000000d5580000, 0x00000000d6f00000, 0x0000000100000000)
  eden space 22016K, 0% used [0x00000000d5580000,0x00000000d5580000,0x00000000d6b00000)
  from space 1024K, 71% used [0x00000000d6e00000,0x00000000d6eb62f8,0x00000000d6f00000)
  to   space 1536K, 0% used [0x00000000d6c00000,0x00000000d6c00000,0x00000000d6d80000)
 ParOldGen       total 68608K, used 55927K [0x0000000080000000, 0x0000000084300000, 0x00000000d5580000)
  object space 68608K, 81% used [0x0000000080000000,0x000000008369def0,0x0000000084300000)
 Metaspace       used 58452K, committed 59776K, reserved 1114112K
  class space    used 6787K, committed 7360K, reserved 1048576K
}
Event: 39.673 GC heap after
{Heap after GC invocations=33 (full 3):
 PSYoungGen      total 23040K, used 0K [0x00000000d5580000, 0x00000000d6f00000, 0x0000000100000000)
  eden space 22016K, 0% used [0x00000000d5580000,0x00000000d5580000,0x00000000d6b00000)
  from space 1024K, 0% used [0x00000000d6e00000,0x00000000d6e00000,0x00000000d6f00000)
  to   space 1536K, 0% used [0x00000000d6c00000,0x00000000d6c00000,0x00000000d6d80000)
 ParOldGen       total 68608K, used 54418K [0x0000000080000000, 0x0000000084300000, 0x00000000d5580000)
  object space 68608K, 79% used [0x0000000080000000,0x0000000083524868,0x0000000084300000)
 Metaspace       used 58452K, committed 59776K, reserved 1114112K
  class space    used 6787K, committed 7360K, reserved 1048576K
}
Event: 40.587 GC heap before
{Heap before GC invocations=34 (full 3):
 PSYoungGen      total 23040K, used 22016K [0x00000000d5580000, 0x00000000d6f00000, 0x0000000100000000)
  eden space 22016K, 100% used [0x00000000d5580000,0x00000000d6b00000,0x00000000d6b00000)
  from space 1024K, 0% used [0x00000000d6e00000,0x00000000d6e00000,0x00000000d6f00000)
  to   space 1536K, 0% used [0x00000000d6c00000,0x00000000d6c00000,0x00000000d6d80000)
 ParOldGen       total 68608K, used 54418K [0x0000000080000000, 0x0000000084300000, 0x00000000d5580000)
  object space 68608K, 79% used [0x0000000080000000,0x0000000083524868,0x0000000084300000)
 Metaspace       used 59361K, committed 60736K, reserved 1114112K
  class space    used 6905K, committed 7488K, reserved 1048576K
}
Event: 40.588 GC heap after
{Heap after GC invocations=34 (full 3):
 PSYoungGen      total 23552K, used 288K [0x00000000d5580000, 0x00000000d6e80000, 0x0000000100000000)
  eden space 22016K, 0% used [0x00000000d5580000,0x00000000d5580000,0x00000000d6b00000)
  from space 1536K, 18% used [0x00000000d6c00000,0x00000000d6c48000,0x00000000d6d80000)
  to   space 1024K, 0% used [0x00000000d6d80000,0x00000000d6d80000,0x00000000d6e80000)
 ParOldGen       total 68608K, used 54426K [0x0000000080000000, 0x0000000084300000, 0x00000000d5580000)
  object space 68608K, 79% used [0x0000000080000000,0x0000000083526868,0x0000000084300000)
 Metaspace       used 59361K, committed 60736K, reserved 1114112K
  class space    used 6905K, committed 7488K, reserved 1048576K
}
Event: 41.020 GC heap before
{Heap before GC invocations=35 (full 3):
 PSYoungGen      total 23552K, used 22304K [0x00000000d5580000, 0x00000000d6e80000, 0x0000000100000000)
  eden space 22016K, 100% used [0x00000000d5580000,0x00000000d6b00000,0x00000000d6b00000)
  from space 1536K, 18% used [0x00000000d6c00000,0x00000000d6c48000,0x00000000d6d80000)
  to   space 1024K, 0% used [0x00000000d6d80000,0x00000000d6d80000,0x00000000d6e80000)
 ParOldGen       total 68608K, used 54426K [0x0000000080000000, 0x0000000084300000, 0x00000000d5580000)
  object space 68608K, 79% used [0x0000000080000000,0x0000000083526868,0x0000000084300000)
 Metaspace       used 60322K, committed 61696K, reserved 1114112K
  class space    used 6984K, committed 7552K, reserved 1048576K
}
Event: 41.027 GC heap after
{Heap after GC invocations=35 (full 3):
 PSYoungGen      total 23040K, used 1023K [0x00000000d5580000, 0x00000000d7000000, 0x0000000100000000)
  eden space 22016K, 0% used [0x00000000d5580000,0x00000000d5580000,0x00000000d6b00000)
  from space 1024K, 99% used [0x00000000d6d80000,0x00000000d6e7fd38,0x00000000d6e80000)
  to   space 2560K, 0% used [0x00000000d6b00000,0x00000000d6b00000,0x00000000d6d80000)
 ParOldGen       total 68608K, used 55267K [0x0000000080000000, 0x0000000084300000, 0x00000000d5580000)
  object space 68608K, 80% used [0x0000000080000000,0x00000000835f8cb0,0x0000000084300000)
 Metaspace       used 60322K, committed 61696K, reserved 1114112K
  class space    used 6984K, committed 7552K, reserved 1048576K
}
Event: 41.179 GC heap before
{Heap before GC invocations=36 (full 3):
 PSYoungGen      total 23040K, used 23039K [0x00000000d5580000, 0x00000000d7000000, 0x0000000100000000)
  eden space 22016K, 100% used [0x00000000d5580000,0x00000000d6b00000,0x00000000d6b00000)
  from space 1024K, 99% used [0x00000000d6d80000,0x00000000d6e7fd38,0x00000000d6e80000)
  to   space 2560K, 0% used [0x00000000d6b00000,0x00000000d6b00000,0x00000000d6d80000)
 ParOldGen       total 68608K, used 55267K [0x0000000080000000, 0x0000000084300000, 0x00000000d5580000)
  object space 68608K, 80% used [0x0000000080000000,0x00000000835f8cb0,0x0000000084300000)
 Metaspace       used 60341K, committed 61696K, reserved 1114112K
  class space    used 6984K, committed 7552K, reserved 1048576K
}
Event: 41.181 GC heap after
{Heap after GC invocations=36 (full 3):
 PSYoungGen      total 23040K, used 919K [0x00000000d5580000, 0x00000000d6e00000, 0x0000000100000000)
  eden space 22016K, 0% used [0x00000000d5580000,0x00000000d5580000,0x00000000d6b00000)
  from space 1024K, 89% used [0x00000000d6b00000,0x00000000d6be5c70,0x00000000d6c00000)
  to   space 1536K, 0% used [0x00000000d6c80000,0x00000000d6c80000,0x00000000d6e00000)
 ParOldGen       total 68608K, used 56151K [0x0000000080000000, 0x0000000084300000, 0x00000000d5580000)
  object space 68608K, 81% used [0x0000000080000000,0x00000000836d5e58,0x0000000084300000)
 Metaspace       used 60341K, committed 61696K, reserved 1114112K
  class space    used 6984K, committed 7552K, reserved 1048576K
}
Event: 42.392 GC heap before
{Heap before GC invocations=37 (full 3):
 PSYoungGen      total 23040K, used 22787K [0x00000000d5580000, 0x00000000d6e00000, 0x0000000100000000)
  eden space 22016K, 99% used [0x00000000d5580000,0x00000000d6adb028,0x00000000d6b00000)
  from space 1024K, 89% used [0x00000000d6b00000,0x00000000d6be5c70,0x00000000d6c00000)
  to   space 1536K, 0% used [0x00000000d6c80000,0x00000000d6c80000,0x00000000d6e00000)
 ParOldGen       total 68608K, used 56151K [0x0000000080000000, 0x0000000084300000, 0x00000000d5580000)
  object space 68608K, 81% used [0x0000000080000000,0x00000000836d5e58,0x0000000084300000)
 Metaspace       used 63663K, committed 65152K, reserved 1114112K
  class space    used 7278K, committed 7936K, reserved 1048576K
}
Event: 42.395 GC heap after
{Heap after GC invocations=37 (full 3):
 PSYoungGen      total 23040K, used 737K [0x00000000d5580000, 0x00000000d6d80000, 0x0000000100000000)
  eden space 22016K, 0% used [0x00000000d5580000,0x00000000d5580000,0x00000000d6b00000)
  from space 1024K, 71% used [0x00000000d6c80000,0x00000000d6d38480,0x00000000d6d80000)
  to   space 1024K, 0% used [0x00000000d6b00000,0x00000000d6b00000,0x00000000d6c00000)
 ParOldGen       total 68608K, used 56159K [0x0000000080000000, 0x0000000084300000, 0x00000000d5580000)
  object space 68608K, 81% used [0x0000000080000000,0x00000000836d7e58,0x0000000084300000)
 Metaspace       used 63663K, committed 65152K, reserved 1114112K
  class space    used 7278K, committed 7936K, reserved 1048576K
}

